Функция "hello_world" была вызвана 16.02.2024 в 20:38:56 с аргументами:
1) Позиционными: ()
2) Именованными: {}
Результат функции: "Hello World"

Функция "summator" была вызвана 16.02.2024 в 20:38:56 с аргументами:
1) Позиционными: (2, 2)
2) Именованными: {}
Результат функции: "4"

Функция "div" была вызвана 16.02.2024 в 20:38:56 с аргументами:
1) Позиционными: (6, 2)
2) Именованными: {}
Результат функции: "3.0"

Функция "summator" была вызвана 16.02.2024 в 20:38:56 с аргументами:
1) Позиционными: (4.3,)
2) Именованными: {'b': 2.2}
Результат функции: "6.5"

Функция "summator" была вызвана 16.02.2024 в 20:38:56 с аргументами:
1) Позиционными: ()
2) Именованными: {'a': 0, 'b': 0}
Результат функции: "0"

